<?xml version="1.0" encoding="UTF-8"?>
<robot generator="Robot 6.0.2 (Python 3.11.3 on win32)" generated="20230424 10:25:34.379" rpa="false" schemaversion="3">
<suite id="s1" name="Crm" source="C:\Users\PC\PycharmProjects\RobotProject2023\Tests\Crm.robot">
<test id="s1-t1" name="Should be able to add new customer" line="8">
<kw name="Set Selenium Timeout" library="SeleniumLibrary">
<arg>10s</arg>
<doc>Sets the timeout that is used by various keywords.</doc>
<status status="PASS" starttime="20230424 10:25:34.599" endtime="20230424 10:25:34.599"/>
</kw>
<kw name="Set Selenium Speed" library="SeleniumLibrary">
<arg>.1s</arg>
<doc>Sets the delay that is waited after each Selenium command.</doc>
<status status="PASS" starttime="20230424 10:25:34.599" endtime="20230424 10:25:34.599"/>
</kw>
<kw name="Log" library="BuiltIn">
<arg>Starting the test case!</arg>
<doc>Logs the given message with the given level.</doc>
<msg timestamp="20230424 10:25:34.599" level="INFO">Starting the test case!</msg>
<status status="PASS" starttime="20230424 10:25:34.599" endtime="20230424 10:25:34.599"/>
</kw>
<kw name="Open Browser" library="SeleniumLibrary">
<arg>https://automationplayground.com/crm/</arg>
<arg>chrome</arg>
<doc>Opens a new browser instance to the optional ``url``.</doc>
<msg timestamp="20230424 10:25:34.599" level="INFO">Opening browser 'chrome' to base url 'https://automationplayground.com/crm/'.</msg>
<status status="PASS" starttime="20230424 10:25:34.599" endtime="20230424 10:25:36.271"/>
</kw>
<kw name="Maximize Browser Window" library="SeleniumLibrary">
<doc>Maximizes current browser window.</doc>
<status status="PASS" starttime="20230424 10:25:36.272" endtime="20230424 10:25:36.496"/>
</kw>
<kw name="Page Should Contain" library="SeleniumLibrary">
<arg>Customers Are Priority One!</arg>
<doc>Verifies that current page contains ``text``.</doc>
<msg timestamp="20230424 10:25:36.730" level="INFO">Current page contains text 'Customers Are Priority One!'.</msg>
<status status="PASS" starttime="20230424 10:25:36.497" endtime="20230424 10:25:36.730"/>
</kw>
<kw name="Click Link" library="SeleniumLibrary">
<arg>css:#SignIn</arg>
<doc>Clicks a link identified by ``locator``.</doc>
<msg timestamp="20230424 10:25:36.731" level="INFO">Clicking link 'css:#SignIn'.</msg>
<status status="PASS" starttime="20230424 10:25:36.731" endtime="20230424 10:25:37.273"/>
</kw>
<kw name="Page Should Contain" library="SeleniumLibrary">
<arg>Login</arg>
<doc>Verifies that current page contains ``text``.</doc>
<msg timestamp="20230424 10:25:37.493" level="INFO">Current page contains text 'Login'.</msg>
<status status="PASS" starttime="20230424 10:25:37.274" endtime="20230424 10:25:37.493"/>
</kw>
<kw name="Input Text" library="SeleniumLibrary">
<arg>email-id</arg>
<arg>admin@robotframeworktutarial.com</arg>
<doc>Types the given ``text`` into the text field identified by ``locator``.</doc>
<msg timestamp="20230424 10:25:37.495" level="INFO">Typing text 'admin@robotframeworktutarial.com' into text field 'email-id'.</msg>
<status status="PASS" starttime="20230424 10:25:37.494" endtime="20230424 10:25:37.922"/>
</kw>
<kw name="Input Text" library="SeleniumLibrary">
<arg>password</arg>
<arg>qwe</arg>
<doc>Types the given ``text`` into the text field identified by ``locator``.</doc>
<msg timestamp="20230424 10:25:37.923" level="INFO">Typing text 'qwe' into text field 'password'.</msg>
<status status="PASS" starttime="20230424 10:25:37.922" endtime="20230424 10:25:38.319"/>
</kw>
<kw name="Click Button" library="SeleniumLibrary">
<arg>Submit</arg>
<doc>Clicks the button identified by ``locator``.</doc>
<msg timestamp="20230424 10:25:38.320" level="INFO">Clicking button 'Submit'.</msg>
<status status="PASS" starttime="20230424 10:25:38.320" endtime="20230424 10:25:39.113"/>
</kw>
<kw name="Page Should Contain" library="SeleniumLibrary">
<arg>Our Happy Customers</arg>
<doc>Verifies that current page contains ``text``.</doc>
<msg timestamp="20230424 10:25:39.332" level="INFO">Current page contains text 'Our Happy Customers'.</msg>
<status status="PASS" starttime="20230424 10:25:39.114" endtime="20230424 10:25:39.332"/>
</kw>
<kw name="Click Link" library="SeleniumLibrary">
<arg>New Customer</arg>
<doc>Clicks a link identified by ``locator``.</doc>
<msg timestamp="20230424 10:25:39.336" level="INFO">Clicking link 'New Customer'.</msg>
<status status="PASS" starttime="20230424 10:25:39.333" endtime="20230424 10:25:39.965"/>
</kw>
<kw name="Page Should Contain" library="SeleniumLibrary">
<arg>Add Customer</arg>
<doc>Verifies that current page contains ``text``.</doc>
<msg timestamp="20230424 10:25:40.187" level="INFO">Current page contains text 'Add Customer'.</msg>
<status status="PASS" starttime="20230424 10:25:39.966" endtime="20230424 10:25:40.187"/>
</kw>
<kw name="Input Text" library="SeleniumLibrary">
<arg>EmailAddress</arg>
<arg>xxx@xx.com</arg>
<doc>Types the given ``text`` into the text field identified by ``locator``.</doc>
<msg timestamp="20230424 10:25:40.187" level="INFO">Typing text 'xxx@xx.com' into text field 'EmailAddress'.</msg>
<status status="PASS" starttime="20230424 10:25:40.187" endtime="20230424 10:25:40.596"/>
</kw>
<kw name="Input Text" library="SeleniumLibrary">
<arg>FirstName</arg>
<arg>Alberto</arg>
<doc>Types the given ``text`` into the text field identified by ``locator``.</doc>
<msg timestamp="20230424 10:25:40.596" level="INFO">Typing text 'Alberto' into text field 'FirstName'.</msg>
<status status="PASS" starttime="20230424 10:25:40.596" endtime="20230424 10:25:41.020"/>
</kw>
<kw name="Input Text" library="SeleniumLibrary">
<arg>LastName</arg>
<arg>Boniche</arg>
<doc>Types the given ``text`` into the text field identified by ``locator``.</doc>
<msg timestamp="20230424 10:25:41.020" level="INFO">Typing text 'Boniche' into text field 'LastName'.</msg>
<status status="PASS" starttime="20230424 10:25:41.020" endtime="20230424 10:25:41.417"/>
</kw>
<kw name="Input Text" library="SeleniumLibrary">
<arg>City</arg>
<arg>PanamaCity</arg>
<doc>Types the given ``text`` into the text field identified by ``locator``.</doc>
<msg timestamp="20230424 10:25:41.417" level="INFO">Typing text 'PanamaCity' into text field 'City'.</msg>
<status status="PASS" starttime="20230424 10:25:41.417" endtime="20230424 10:25:41.795"/>
</kw>
<kw name="Select From List By Label" library="SeleniumLibrary">
<arg>StateOrRegion</arg>
<arg>Alabama</arg>
<doc>Selects options from selection list ``locator`` by ``labels``.</doc>
<msg timestamp="20230424 10:25:41.795" level="INFO">Selecting options from selection list 'StateOrRegion' by label Alabama.</msg>
<status status="PASS" starttime="20230424 10:25:41.795" endtime="20230424 10:25:42.564"/>
</kw>
<kw name="Select Radio Button" library="SeleniumLibrary">
<arg>gender</arg>
<arg>male</arg>
<doc>Sets the radio button group ``group_name`` to ``value``.</doc>
<msg timestamp="20230424 10:25:42.564" level="INFO">Selecting 'male' from radio button 'gender'.</msg>
<status status="PASS" starttime="20230424 10:25:42.564" endtime="20230424 10:25:42.913"/>
</kw>
<kw name="Select Checkbox" library="SeleniumLibrary">
<arg>name=promos-name</arg>
<doc>Selects the checkbox identified by ``locator``.</doc>
<msg timestamp="20230424 10:25:42.913" level="INFO">Selecting checkbox 'name=promos-name'.</msg>
<status status="PASS" starttime="20230424 10:25:42.913" endtime="20230424 10:25:43.477"/>
</kw>
<kw name="Click Button" library="SeleniumLibrary">
<arg>Submit</arg>
<doc>Clicks the button identified by ``locator``.</doc>
<msg timestamp="20230424 10:25:43.477" level="INFO">Clicking button 'Submit'.</msg>
<status status="PASS" starttime="20230424 10:25:43.477" endtime="20230424 10:25:44.086"/>
</kw>
<kw name="Wait Until Page Contains" library="SeleniumLibrary">
<arg>Success! New customer added.</arg>
<doc>Waits until ``text`` appears on the current page.</doc>
<status status="PASS" starttime="20230424 10:25:44.086" endtime="20230424 10:25:44.197"/>
</kw>
<kw name="Sleep" library="BuiltIn">
<arg>3s</arg>
<doc>Pauses the test executed for the given time.</doc>
<msg timestamp="20230424 10:25:47.198" level="INFO">Slept 3 seconds</msg>
<status status="PASS" starttime="20230424 10:25:44.197" endtime="20230424 10:25:47.198"/>
</kw>
<kw name="Close Browser" library="SeleniumLibrary">
<doc>Closes the current browser.</doc>
<status status="PASS" starttime="20230424 10:25:47.198" endtime="20230424 10:25:49.391"/>
</kw>
<doc>This is some basic infi about test</doc>
<tag>Smoke</tag>
<status status="PASS" starttime="20230424 10:25:34.599" endtime="20230424 10:25:49.391"/>
</test>
<doc>This is some basic info about the whole suite</doc>
<status status="PASS" starttime="20230424 10:25:34.379" endtime="20230424 10:25:49.391"/>
</suite>
<statistics>
<total>
<stat pass="1" fail="0" skip="0">All Tests</stat>
</total>
<tag>
<stat pass="1" fail="0" skip="0">Smoke</stat>
</tag>
<suite>
<stat pass="1" fail="0" skip="0" id="s1" name="Crm">Crm</stat>
</suite>
</statistics>
<errors>
</errors>
</robot>
