<?xml version="1.0" encoding="UTF-8"?>
<robot generator="Robot 6.0.2 (Python 3.11.3 on win32)" generated="20230427 10:22:57.857" rpa="false" schemaversion="3">
<suite id="s1" name="Demo" source="C:\Users\PC\PycharmProjects\RobotProject2023\Tests\Demo.robot">
<test id="s1-t1" name="Testing List Variables" line="30">
<kw name="Log Many" library="BuiltIn">
<arg>${STRING}</arg>
<arg>${INT_AS_STRING}</arg>
<arg>${INT_AS_INT}</arg>
<arg>${FLOAT}</arg>
<arg>${LIST}</arg>
<arg>${LIST}[0]</arg>
<arg>${LIST}[1:]</arg>
<arg>${DICTIONARY}</arg>
<arg>${DICTIONARY}[string]</arg>
<arg>${DICTIONARY.int}</arg>
<arg>${DICTIONARY}[list][0]</arg>
<arg>${ENVIRONMENT}</arg>
<doc>Logs the given messages as separate entries using the INFO level.</doc>
<msg timestamp="20230427 10:22:58.174" level="INFO">cute cat</msg>
<msg timestamp="20230427 10:22:58.174" level="INFO">1</msg>
<msg timestamp="20230427 10:22:58.174" level="INFO">1</msg>
<msg timestamp="20230427 10:22:58.174" level="INFO">3.14</msg>
<msg timestamp="20230427 10:22:58.174" level="INFO">['one', 'two', 'three']</msg>
<msg timestamp="20230427 10:22:58.174" level="INFO">one</msg>
<msg timestamp="20230427 10:22:58.174" level="INFO">['two', 'three']</msg>
<msg timestamp="20230427 10:22:58.174" level="INFO">{'string': 'cat', 'int': 1, 'list': ['one', 'two', 'three']}</msg>
<msg timestamp="20230427 10:22:58.174" level="INFO">cat</msg>
<msg timestamp="20230427 10:22:58.175" level="INFO">1</msg>
<msg timestamp="20230427 10:22:58.175" level="INFO">one</msg>
<msg timestamp="20230427 10:22:58.175" level="INFO">C:\Users\PC\PycharmProjects\RobotProject2023</msg>
<status status="PASS" starttime="20230427 10:22:58.173" endtime="20230427 10:22:58.175"/>
</kw>
<status status="PASS" starttime="20230427 10:22:58.173" endtime="20230427 10:22:58.175"/>
</test>
<test id="s1-t2" name="Testing List Variables-2" line="45">
<kw name="An example keyword">
<arg>Abdulkadir</arg>
<arg>Akyurt</arg>
<kw name="Log To Console" library="BuiltIn">
<arg>Got arguments ${first_arg} and ${second_arg}</arg>
<doc>Logs the given message to the console.</doc>
<status status="PASS" starttime="20230427 10:22:58.176" endtime="20230427 10:22:58.177"/>
</kw>
<status status="PASS" starttime="20230427 10:22:58.176" endtime="20230427 10:22:58.177"/>
</kw>
<status status="PASS" starttime="20230427 10:22:58.176" endtime="20230427 10:22:58.177"/>
</test>
<test id="s1-t3" name="Testing List Variables-3" line="48">
<kw name="A second keyword">
<kw name="Create List" library="BuiltIn">
<var>${as_list}</var>
<arg>ali</arg>
<arg>veli</arg>
<doc>Returns a list containing given items.</doc>
<msg timestamp="20230427 10:22:58.178" level="INFO">${as_list} = ['ali', 'veli']</msg>
<status status="PASS" starttime="20230427 10:22:58.178" endtime="20230427 10:22:58.178"/>
</kw>
<kw name="Create Dictionary" library="BuiltIn">
<var>${as_dict}</var>
<arg>first_arg=ahmet</arg>
<arg>second_arg=mehmet</arg>
<doc>Creates and returns a dictionary based on the given ``items``.</doc>
<msg timestamp="20230427 10:22:58.179" level="INFO">${as_dict} = {'first_arg': 'ahmet', 'second_arg': 'mehmet'}</msg>
<status status="PASS" starttime="20230427 10:22:58.178" endtime="20230427 10:22:58.179"/>
</kw>
<kw name="An example keyword">
<arg>1</arg>
<arg>2</arg>
<kw name="Log To Console" library="BuiltIn">
<arg>Got arguments ${first_arg} and ${second_arg}</arg>
<doc>Logs the given message to the console.</doc>
<status status="PASS" starttime="20230427 10:22:58.179" endtime="20230427 10:22:58.179"/>
</kw>
<status status="PASS" starttime="20230427 10:22:58.179" endtime="20230427 10:22:58.179"/>
</kw>
<kw name="An example keyword">
<arg>@{as_list}</arg>
<kw name="Log To Console" library="BuiltIn">
<arg>Got arguments ${first_arg} and ${second_arg}</arg>
<doc>Logs the given message to the console.</doc>
<status status="PASS" starttime="20230427 10:22:58.180" endtime="20230427 10:22:58.180"/>
</kw>
<status status="PASS" starttime="20230427 10:22:58.179" endtime="20230427 10:22:58.180"/>
</kw>
<kw name="An example keyword">
<arg>&amp;{as_dict}</arg>
<kw name="Log To Console" library="BuiltIn">
<arg>Got arguments ${first_arg} and ${second_arg}</arg>
<doc>Logs the given message to the console.</doc>
<status status="PASS" starttime="20230427 10:22:58.180" endtime="20230427 10:22:58.180"/>
</kw>
<status status="PASS" starttime="20230427 10:22:58.180" endtime="20230427 10:22:58.181"/>
</kw>
<status status="PASS" starttime="20230427 10:22:58.178" endtime="20230427 10:22:58.181"/>
</kw>
<status status="PASS" starttime="20230427 10:22:58.178" endtime="20230427 10:22:58.181"/>
</test>
<test id="s1-t4" name="Testing List Variables-4" line="51">
<kw name="Loop through scalars">
<kw name="Set Variable" library="BuiltIn">
<var>${name_one}</var>
<arg>John</arg>
<doc>Returns the given values which can then be assigned to a variables.</doc>
<msg timestamp="20230427 10:22:58.182" level="INFO">${name_one} = John</msg>
<status status="PASS" starttime="20230427 10:22:58.182" endtime="20230427 10:22:58.182"/>
</kw>
<kw name="Set Variable" library="BuiltIn">
<var>${name_two}</var>
<arg>Robert</arg>
<doc>Returns the given values which can then be assigned to a variables.</doc>
<msg timestamp="20230427 10:22:58.182" level="INFO">${name_two} = Robert</msg>
<status status="PASS" starttime="20230427 10:22:58.182" endtime="20230427 10:22:58.182"/>
</kw>
<for flavor="IN">
<var>${name}</var>
<value>${name_one}</value>
<value>${name_two}</value>
<value>Mark</value>
<iter>
<var name="${name}">John</var>
<kw name="Log To Console" library="BuiltIn">
<arg>Name is ${name}</arg>
<doc>Logs the given message to the console.</doc>
<status status="PASS" starttime="20230427 10:22:58.182" endtime="20230427 10:22:58.183"/>
</kw>
<status status="PASS" starttime="20230427 10:22:58.182" endtime="20230427 10:22:58.183"/>
</iter>
<iter>
<var name="${name}">Robert</var>
<kw name="Log To Console" library="BuiltIn">
<arg>Name is ${name}</arg>
<doc>Logs the given message to the console.</doc>
<status status="PASS" starttime="20230427 10:22:58.183" endtime="20230427 10:22:58.183"/>
</kw>
<status status="PASS" starttime="20230427 10:22:58.183" endtime="20230427 10:22:58.183"/>
</iter>
<iter>
<var name="${name}">Mark</var>
<kw name="Log To Console" library="BuiltIn">
<arg>Name is ${name}</arg>
<doc>Logs the given message to the console.</doc>
<status status="PASS" starttime="20230427 10:22:58.183" endtime="20230427 10:22:58.183"/>
</kw>
<status status="PASS" starttime="20230427 10:22:58.183" endtime="20230427 10:22:58.183"/>
</iter>
<status status="PASS" starttime="20230427 10:22:58.182" endtime="20230427 10:22:58.184"/>
</for>
<status status="PASS" starttime="20230427 10:22:58.182" endtime="20230427 10:22:58.184"/>
</kw>
<status status="PASS" starttime="20230427 10:22:58.181" endtime="20230427 10:22:58.185"/>
</test>
<test id="s1-t5" name="Testing List Variables-5" line="54">
<kw name="Loop through list">
<kw name="Create List" library="BuiltIn">
<var>${names}</var>
<arg>John</arg>
<arg>Robert</arg>
<arg>Mark</arg>
<doc>Returns a list containing given items.</doc>
<msg timestamp="20230427 10:22:58.186" level="INFO">${names} = ['John', 'Robert', 'Mark']</msg>
<status status="PASS" starttime="20230427 10:22:58.186" endtime="20230427 10:22:58.186"/>
</kw>
<for flavor="IN">
<var>${name}</var>
<value>@{names}</value>
<iter>
<var name="${name}">John</var>
<kw name="Log To Console" library="BuiltIn">
<arg>Name is ${name}</arg>
<doc>Logs the given message to the console.</doc>
<status status="PASS" starttime="20230427 10:22:58.186" endtime="20230427 10:22:58.186"/>
</kw>
<status status="PASS" starttime="20230427 10:22:58.186" endtime="20230427 10:22:58.187"/>
</iter>
<iter>
<var name="${name}">Robert</var>
<kw name="Log To Console" library="BuiltIn">
<arg>Name is ${name}</arg>
<doc>Logs the given message to the console.</doc>
<status status="PASS" starttime="20230427 10:22:58.187" endtime="20230427 10:22:58.187"/>
</kw>
<status status="PASS" starttime="20230427 10:22:58.187" endtime="20230427 10:22:58.187"/>
</iter>
<iter>
<var name="${name}">Mark</var>
<kw name="Log To Console" library="BuiltIn">
<arg>Name is ${name}</arg>
<doc>Logs the given message to the console.</doc>
<status status="PASS" starttime="20230427 10:22:58.187" endtime="20230427 10:22:58.187"/>
</kw>
<status status="PASS" starttime="20230427 10:22:58.187" endtime="20230427 10:22:58.187"/>
</iter>
<status status="PASS" starttime="20230427 10:22:58.186" endtime="20230427 10:22:58.187"/>
</for>
<status status="PASS" starttime="20230427 10:22:58.186" endtime="20230427 10:22:58.187"/>
</kw>
<status status="PASS" starttime="20230427 10:22:58.185" endtime="20230427 10:22:58.188"/>
</test>
<doc>Using different kinds of variables.</doc>
<status status="PASS" starttime="20230427 10:22:57.857" endtime="20230427 10:22:58.189"/>
</suite>
<statistics>
<total>
<stat pass="5" fail="0" skip="0">All Tests</stat>
</total>
<tag>
</tag>
<suite>
<stat pass="5" fail="0" skip="0" id="s1" name="Demo">Demo</stat>
</suite>
</statistics>
<errors>
</errors>
</robot>
