<?xml version="1.0" encoding="UTF-8"?>
<robot generator="Robot 6.0.2 (Python 3.11.3 on win32)" generated="20230427 09:23:26.273" rpa="false" schemaversion="3">
<suite id="s1" name="Demo" source="C:\Users\PC\PycharmProjects\RobotProject2023\Tests\Demo.robot">
<test id="s1-t1" name="Testing List Variables" line="27">
<kw name="Open Browser with Base-URL" library="MyDriver" type="SETUP">
<arg>${Url}</arg>
<doc>Generic test setup to switch between local and Browserstack testsetup</doc>
<kw name="Run Keyword If" library="BuiltIn">
<arg>'${environmentToRunTest}'=='LOCAL'</arg>
<arg>${Driver}</arg>
<arg>${Url}</arg>
<arg>${Browser}</arg>
<arg>ELSE IF</arg>
<arg>'${environmentToRunTest}'=='BROWSERSTACK'</arg>
<arg>testSetupBrowserstack</arg>
<arg>${Url}</arg>
<arg>ELSE IF</arg>
<arg>'${environmentToRunTest}'=='LAMBDATEST'</arg>
<arg>testSetupLambdatest</arg>
<arg>${Url}</arg>
<arg>ELSE</arg>
<arg>Log</arg>
<arg>testSetup went wrong. Check the value of the variable 'environmentToRunTest'.</arg>
<doc>Runs the given keyword with the given arguments, if ``condition`` is true.</doc>
<kw name="webdriverManager" library="MyDriver">
<arg>${Url}</arg>
<arg>${Browser}</arg>
<kw name="Get Driver Path" library="Driver_Manager">
<var>${chromedriver_path}</var>
<arg>${Browser}</arg>
<msg timestamp="20230427 09:23:26.587" level="INFO">====== WebDriver manager ======</msg>
<msg timestamp="20230427 09:23:26.957" level="INFO">Driver [C:\Users\PC\.wdm\drivers\chromedriver\win32\112.0.5615.49\chromedriver.exe] found in cache</msg>
<msg timestamp="20230427 09:23:26.957" level="INFO">C:\Users\PC\.wdm\drivers\chromedriver\win32\112.0.5615.49\chromedriver.exe</msg>
<msg timestamp="20230427 09:23:26.957" level="INFO">${chromedriver_path} = C:\Users\PC\.wdm\drivers\chromedriver\win32\112.0.5615.49\chromedriver.exe</msg>
<status status="PASS" starttime="20230427 09:23:26.587" endtime="20230427 09:23:26.957"/>
</kw>
<kw name="Create Webdriver" library="SeleniumLibrary">
<arg>${Browser}</arg>
<arg>executable_path=${chromedriver_path}</arg>
<doc>Creates an instance of Selenium WebDriver.</doc>
<msg timestamp="20230427 09:23:26.971" level="INFO">Creating an instance of the Chrome WebDriver.</msg>
<status status="PASS" starttime="20230427 09:23:26.971" endtime="20230427 09:23:28.028"/>
</kw>
<kw name="Go To" library="SeleniumLibrary">
<arg>${Url}</arg>
<doc>Navigates the current browser window to the provided ``url``.</doc>
<msg timestamp="20230427 09:23:28.028" level="INFO">Opening url 'https://www.amazon.com'</msg>
<status status="PASS" starttime="20230427 09:23:28.028" endtime="20230427 09:23:29.336"/>
</kw>
<status status="PASS" starttime="20230427 09:23:26.587" endtime="20230427 09:23:29.336"/>
</kw>
<status status="PASS" starttime="20230427 09:23:26.584" endtime="20230427 09:23:29.336"/>
</kw>
<status status="PASS" starttime="20230427 09:23:26.583" endtime="20230427 09:23:29.336"/>
</kw>
<kw name="Log Many" library="BuiltIn">
<arg>${STRING}</arg>
<arg>${INT_AS_STRING}</arg>
<arg>${INT_AS_INT}</arg>
<arg>${FLOAT}</arg>
<arg>${LIST}</arg>
<arg>${LIST}[0]</arg>
<arg>${LIST}[1:]</arg>
<arg>${DICTIONARY}</arg>
<arg>${DICTIONARY}[string]</arg>
<arg>${DICTIONARY.int}</arg>
<arg>${DICTIONARY}[list][0]</arg>
<arg>${ENVIRONMENT}</arg>
<doc>Logs the given messages as separate entries using the INFO level.</doc>
<msg timestamp="20230427 09:23:29.342" level="INFO">cute cat</msg>
<msg timestamp="20230427 09:23:29.342" level="INFO">1</msg>
<msg timestamp="20230427 09:23:29.342" level="INFO">1</msg>
<msg timestamp="20230427 09:23:29.342" level="INFO">3.14</msg>
<msg timestamp="20230427 09:23:29.342" level="INFO">['one', 'two', 'three']</msg>
<msg timestamp="20230427 09:23:29.342" level="INFO">one</msg>
<msg timestamp="20230427 09:23:29.342" level="INFO">['two', 'three']</msg>
<msg timestamp="20230427 09:23:29.342" level="INFO">{'string': 'cat', 'int': 1, 'list': ['one', 'two', 'three']}</msg>
<msg timestamp="20230427 09:23:29.343" level="INFO">cat</msg>
<msg timestamp="20230427 09:23:29.343" level="INFO">1</msg>
<msg timestamp="20230427 09:23:29.343" level="INFO">one</msg>
<msg timestamp="20230427 09:23:29.344" level="INFO">C:\Windows\system32;C:\Windows;C:\Windows\System32\Wbem;C:\Windows\System32\WindowsPowerShell\v1.0\;C:\Windows\System32\OpenSSH\;C:\Program Files (x86)\Microsoft VS Code\bin;C:\Program Files\nodejs\;C:\Program Files\Git\cmd;C:\Users\PC\AppData\Local\Programs\Python\Python311\Scripts\;C:\Users\PC\AppData\Local\Programs\Python\Python311\;C:\Users\PC\AppData\Local\Microsoft\WindowsApps;C:\Program Files\JetBrains\IntelliJ IDEA Community Edition 2022.2.4\bin;;C:\Users\PC\AppData\Roaming\npm;C:\Program Files\JetBrains\PyCharm Community Edition 2023.1\bin;;C:\bin;</msg>
<status status="PASS" starttime="20230427 09:23:29.341" endtime="20230427 09:23:29.344"/>
</kw>
<kw name="Close Browser Session" library="MyDriver" type="TEARDOWN">
<kw name="Run Keyword If" library="BuiltIn">
<arg>'${environmentToRunTest}'=='LAMBDATEST'</arg>
<arg>Report Lambdatest Status</arg>
<arg>${TEST_NAME}</arg>
<arg>${TEST_STATUS}</arg>
<doc>Runs the given keyword with the given arguments, if ``condition`` is true.</doc>
<status status="PASS" starttime="20230427 09:23:29.344" endtime="20230427 09:23:29.345"/>
</kw>
<kw name="Close All Browsers" library="SeleniumLibrary">
<doc>Closes all open browsers and resets the browser cache.</doc>
<status status="PASS" starttime="20230427 09:23:29.345" endtime="20230427 09:23:35.581"/>
</kw>
<status status="PASS" starttime="20230427 09:23:29.344" endtime="20230427 09:23:35.581"/>
</kw>
<status status="PASS" starttime="20230427 09:23:26.583" endtime="20230427 09:23:35.581"/>
</test>
<doc>Using different kinds of variables.</doc>
<status status="PASS" starttime="20230427 09:23:26.273" endtime="20230427 09:23:35.584"/>
</suite>
<statistics>
<total>
<stat pass="1" fail="0" skip="0">All Tests</stat>
</total>
<tag>
</tag>
<suite>
<stat pass="1" fail="0" skip="0" id="s1" name="Demo">Demo</stat>
</suite>
</statistics>
<errors>
</errors>
</robot>
